#1 - #Dетки , 24-Sep-21 12:28:14
	Колличество сезонов=1-----Время парсинга=22 sec, 24-Sep-21 12:28:20
#2 - #СвободуРэйшону , 24-Sep-21 12:28:28
	Колличество сезонов=1-----Время парсинга=36 sec, 24-Sep-21 12:28:34
#3 - #СеняФедя , 24-Sep-21 12:28:39
	Колличество сезонов=4-----Время парсинга=71 sec, 24-Sep-21 12:29:09
#4 - #Хэштег любви , 24-Sep-21 12:29:14
	Колличество сезонов=1-----Время парсинга=83 sec, 24-Sep-21 12:29:20
#5 - #Яжотец , 24-Sep-21 12:29:25
	Колличество сезонов=1-----Время парсинга=92 sec, 24-Sep-21 12:29:30
#6 - (не)Пара , 24-Sep-21 12:29:36
	Колличество сезонов=1-----Время парсинга=105 sec, 24-Sep-21 12:29:43
#7 - +100500 , 24-Sep-21 12:29:48
	Колличество сезонов=1-----Время парсинга=117 sec, 24-Sep-21 12:29:54
#8 - +100500 на ТВ , 24-Sep-21 12:30:00
	Колличество сезонов=1-----Время парсинга=129 sec, 24-Sep-21 12:30:07
#9 - .#Sтуденты , 24-Sep-21 12:30:12
	Колличество сезонов=1-----Время парсинга=140 sec, 24-Sep-21 12:30:17
#10 - ...И в бедности , 24-Sep-21 12:30:24
	Колличество сезонов=1-----Время парсинга=152 sec, 24-Sep-21 12:30:29
